<?xml version="1.0" encoding="UTF-8" ?>
<testsuite tests="26" failures="0" name="FMDao.FMDaoTest" time="0.086" errors="0" skipped="0">
  <properties>
[...]
</properties>
  <testcase classname="FMDao.FMDaoTest" name="testGetOrderWrongNumberRightDate" time="0.051"/>
  <testcase classname="FMDao.FMDaoTest" name="testGetOrder" time="0"/>
  <testcase classname="FMDao.FMDaoTest" name="testGetState" time="0.012"/>
  <testcase classname="FMDao.FMDaoTest" name="testRemoveProduct" time="0"/>
  <testcase classname="FMDao.FMDaoTest" name="testLoad" time="0.003"/>
  <testcase classname="FMDao.FMDaoTest" name="testSave" time="0"/>
  <testcase classname="FMDao.FMDaoTest" name="testSetCurrentId" time="0"/>
  <testcase classname="FMDao.FMDaoTest" name="testRemoveOrder" time="0.001"/>
  <testcase classname="FMDao.FMDaoTest" name="testRemoveState" time="0"/>
  <testcase classname="FMDao.FMDaoTest" name="testAddOrder" time="0"/>
  <testcase classname="FMDao.FMDaoTest" name="testAddState" time="0.002"/>
  <testcase classname="FMDao.FMDaoTest" name="testGetProduct" time="0.003"/>
  <testcase classname="FMDao.FMDaoTest" name="testAddOrderNegNumberBigDate" time="0.001"/>
  <testcase classname="FMDao.FMDaoTest" name="testGetAllStates" time="0.002"/>
  <testcase classname="FMDao.FMDaoTest" name="testAddProduct" time="0"/>
  <testcase classname="FMDao.FMDaoTest" name="testHasProduct" time="0.001"/>
  <testcase classname="FMDao.FMDaoTest" name="testGetStateBadState" time="0.002"/>
  <testcase classname="FMDao.FMDaoTest" name="testAddOrderBigNumber" time="0"/>
  <testcase classname="FMDao.FMDaoTest" name="testGetAllProducts" time="0.002"/>
  <testcase classname="FMDao.FMDaoTest" name="testGetOrdersByDate" time="0"/>
  <testcase classname="FMDao.FMDaoTest" name="testGetOrdersByName" time="0.001"/>
  <testcase classname="FMDao.FMDaoTest" name="testGetCurrentId" time="0.002"/>
  <testcase classname="FMDao.FMDaoTest" name="testGetProductBadProduct" time="0.001"/>
  <testcase classname="FMDao.FMDaoTest" name="testGetOrderWrongDate" time="0.001"/>
  <testcase classname="FMDao.FMDaoTest" name="testGetOrderBadDate" time="0.001"/>
  <testcase classname="FMDao.FMDaoTest" name="testGetOrderBadInfo" time="0"/>
</testsuite>